{"C:\\Users\\ArturPC\\Videos\\projekt\\projekt2\\Projekt\\app\\app.js":{"path":"C:\\Users\\ArturPC\\Videos\\projekt\\projekt2\\Projekt\\app\\app.js","s":{"1":1,"2":7,"3":30,"4":3,"5":4,"6":4,"7":18,"8":18,"9":108,"10":17,"11":17,"12":17,"13":17,"14":4,"15":1},"b":{"1":[3,27],"2":[17,91]},"f":{"1":7},"fnMap":{"1":{"name":"BubbleSort","line":3,"loc":{"start":{"line":3,"column":0},"end":{"line":3,"column":29}}}},"statementMap":{"1":{"start":{"line":3,"column":0},"end":{"line":24,"column":1}},"2":{"start":{"line":5,"column":4},"end":{"line":10,"column":5}},"3":{"start":{"line":6,"column":8},"end":{"line":9,"column":9}},"4":{"start":{"line":8,"column":12},"end":{"line":8,"column":25}},"5":{"start":{"line":11,"column":4},"end":{"line":11,"column":21}},"6":{"start":{"line":12,"column":4},"end":{"line":22,"column":21}},"7":{"start":{"line":13,"column":8},"end":{"line":13,"column":23}},"8":{"start":{"line":14,"column":8},"end":{"line":21,"column":9}},"9":{"start":{"line":15,"column":12},"end":{"line":20,"column":13}},"10":{"start":{"line":16,"column":16},"end":{"line":16,"column":34}},"11":{"start":{"line":17,"column":16},"end":{"line":17,"column":42}},"12":{"start":{"line":18,"column":16},"end":{"line":18,"column":36}},"13":{"start":{"line":19,"column":16},"end":{"line":19,"column":30}},"14":{"start":{"line":23,"column":4},"end":{"line":23,"column":19}},"15":{"start":{"line":26,"column":0},"end":{"line":28,"column":2}}},"branchMap":{"1":{"line":6,"type":"if","locations":[{"start":{"line":6,"column":8},"end":{"line":6,"column":8}},{"start":{"line":6,"column":8},"end":{"line":6,"column":8}}]},"2":{"line":15,"type":"if","locations":[{"start":{"line":15,"column":12},"end":{"line":15,"column":12}},{"start":{"line":15,"column":12},"end":{"line":15,"column":12}}]}}}}